<?xml version="1.0" encoding="UTF-8"?>
<testng-results skipped="0" failed="0" total="1" passed="1">
  <reporter-output>
  </reporter-output>
  <suite name="Default suite" duration-ms="19228" started-at="2018-01-21T15:25:29Z" finished-at="2018-01-21T15:25:49Z">
    <groups>
    </groups>
    <test name="Default test" duration-ms="19228" started-at="2018-01-21T15:25:29Z" finished-at="2018-01-21T15:25:49Z">
      <class name="com.qatwittter.testCases.VerifyTwitLoginPage">
        <test-method status="PASS" signature="verifyValidTwitLoginpage()[pri:0, instance:com.qatwittter.testCases.VerifyTwitLoginPage@3c09711b]" name="verifyValidTwitLoginpage" duration-ms="19208" started-at="2018-01-21T20:55:29Z" finished-at="2018-01-21T20:55:49Z">
          <reporter-output>
          </reporter-output>
        </test-method> <!-- verifyValidTwitLoginpage -->
      </class> <!-- com.qatwittter.testCases.VerifyTwitLoginPage -->
    </test> <!-- Default test -->
  </suite> <!-- Default suite -->
</testng-results>
